Device status - Powered:  True
Starting discovery...
Found Solar / battery services:  3
Trying to connect...
Connecting...
[d8:64:8c:66:f4:d4] Connection failed: Did not receive a reply. Possible causes include: the remote application did not send a reply, the message bus security policy blocked the reply, the reply timeout expired, or the network connection was broken.
Connecting...
[d4:36:39:92:aa:a8] Resolved services
[d4:36:39:92:aa:a8]  Service [0000ff50-0000-1000-8000-00805f9b34fb]
[d4:36:39:92:aa:a8]    Characteristic [0000ff5a-0000-1000-8000-00805f9b34fb]
[d4:36:39:92:aa:a8]    Characteristic [0000ff59-0000-1000-8000-00805f9b34fb]
[d4:36:39:92:aa:a8]    Characteristic [0000ff58-0000-1000-8000-00805f9b34fb]
[d4:36:39:92:aa:a8]    Characteristic [0000ff57-0000-1000-8000-00805f9b34fb]
[d4:36:39:92:aa:a8]    Characteristic [0000ff56-0000-1000-8000-00805f9b34fb]
[d4:36:39:92:aa:a8]    Characteristic [0000ff55-0000-1000-8000-00805f9b34fb]
[d4:36:39:92:aa:a8]    Characteristic [0000ff54-0000-1000-8000-00805f9b34fb]
[d4:36:39:92:aa:a8]    Characteristic [0000ff53-0000-1000-8000-00805f9b34fb]
[d4:36:39:92:aa:a8]    Characteristic [0000ff52-0000-1000-8000-00805f9b34fb]
[d4:36:39:92:aa:a8]    Characteristic [0000ff51-0000-1000-8000-00805f9b34fb]
[d4:36:39:92:aa:a8]  Service [0000ff60-0000-1000-8000-00805f9b34fb]
[d4:36:39:92:aa:a8]    Characteristic [0000ff62-0000-1000-8000-00805f9b34fb]
[d4:36:39:92:aa:a8]    Characteristic [0000ff61-0000-1000-8000-00805f9b34fb]
[d4:36:39:92:aa:a8]  Service [0000ff80-0000-1000-8000-00805f9b34fb]
[d4:36:39:92:aa:a8]    Characteristic [0000ff82-0000-1000-8000-00805f9b34fb]
[d4:36:39:92:aa:a8]    Characteristic [0000ff81-0000-1000-8000-00805f9b34fb]
[d4:36:39:92:aa:a8]  Service [0000ffd0-0000-1000-8000-00805f9b34fb]
[d4:36:39:92:aa:a8]    Characteristic [0000ffd1-0000-1000-8000-00805f9b34fb]
[d4:36:39:92:aa:a8]  Service [0000fff0-0000-1000-8000-00805f9b34fb]
[d4:36:39:92:aa:a8]    Characteristic [0000fff1-0000-1000-8000-00805f9b34fb]
[d4:36:39:92:aa:a8]  Service [0000180a-0000-1000-8000-00805f9b34fb]
[d4:36:39:92:aa:a8]    Characteristic [00002a29-0000-1000-8000-00805f9b34fb]
[d4:36:39:92:aa:a8]    Characteristic [00002a26-0000-1000-8000-00805f9b34fb]
[d4:36:39:92:aa:a8]    Characteristic [00002a23-0000-1000-8000-00805f9b34fb]
Found dev notify serv [<blegatt.gatt_linux.Service object at 0xf64e1e30>]
Found dev notify char [<blegatt.gatt_linux.Characteristic object at 0xf64eb4d0>] 
Subscribing to notify char [<blegatt.gatt_linux.Characteristic object at 0xf64eb4d0>]
Connecting...
[7c:01:0a:41:ca:f9] Resolved services
[7c:01:0a:41:ca:f9]  Service [f000ffc0-0451-4000-b000-000000000000]
[7c:01:0a:41:ca:f9]    Characteristic [f000ffc2-0451-4000-b000-000000000000]
[7c:01:0a:41:ca:f9]    Characteristic [f000ffc1-0451-4000-b000-000000000000]
[7c:01:0a:41:ca:f9]  Service [0000180a-0000-1000-8000-00805f9b34fb]
[7c:01:0a:41:ca:f9]    Characteristic [00002a50-0000-1000-8000-00805f9b34fb]
[7c:01:0a:41:ca:f9]    Characteristic [00002a2a-0000-1000-8000-00805f9b34fb]
[7c:01:0a:41:ca:f9]    Characteristic [00002a29-0000-1000-8000-00805f9b34fb]
[7c:01:0a:41:ca:f9]    Characteristic [00002a28-0000-1000-8000-00805f9b34fb]
[7c:01:0a:41:ca:f9]    Characteristic [00002a27-0000-1000-8000-00805f9b34fb]
[7c:01:0a:41:ca:f9]    Characteristic [00002a26-0000-1000-8000-00805f9b34fb]
[7c:01:0a:41:ca:f9]    Characteristic [00002a25-0000-1000-8000-00805f9b34fb]
[7c:01:0a:41:ca:f9]    Characteristic [00002a24-0000-1000-8000-00805f9b34fb]
[7c:01:0a:41:ca:f9]    Characteristic [00002a23-0000-1000-8000-00805f9b34fb]
[7c:01:0a:41:ca:f9]  Service [0000ffe0-0000-1000-8000-00805f9b34fb]
[7c:01:0a:41:ca:f9]    Characteristic [0000ffe6-0000-1000-8000-00805f9b34fb]
[7c:01:0a:41:ca:f9]    Characteristic [0000ffe5-0000-1000-8000-00805f9b34fb]
[7c:01:0a:41:ca:f9]    Characteristic [0000ffe4-0000-1000-8000-00805f9b34fb]
[7c:01:0a:41:ca:f9]    Characteristic [0000ffe3-0000-1000-8000-00805f9b34fb]
[7c:01:0a:41:ca:f9]    Characteristic [0000ffe2-0000-1000-8000-00805f9b34fb]
[7c:01:0a:41:ca:f9]    Characteristic [0000ffe1-0000-1000-8000-00805f9b34fb]
[7c:01:0a:41:ca:f9]  Service [00001801-0000-1000-8000-00805f9b34fb]
[7c:01:0a:41:ca:f9]    Characteristic [00002a05-0000-1000-8000-00805f9b34fb]
Found dev notify serv [<blegatt.gatt_linux.Service object at 0xf64f6790>]
Found dev notify char [<blegatt.gatt_linux.Characteristic object at 0xf6504e50>] 
Subscribing to notify char [<blegatt.gatt_linux.Characteristic object at 0xf6504e50>]
Terminate with Ctrl+C
Notifications enabled for: [0000fff1-0000-1000-8000-00805f9b34fb]
Notifications enabled for: [0000ffe4-0000-1000-8000-00805f9b34fb]
characteristic value: b'9A01000900120018'
characteristic value: b'0B00C08790BE0CBF0CC4'
characteristic value: b'0CBE0C00000000000000'
characteristic value: b'00000000000000000000'
characteristic value: b'000000000000000814\x0c\x0c'
characteristic value: b'\x0c\x0c\x0c\x0c\x0c\x0c\xc9FF32000040020'
characteristic value: b'000A09A0100090012001'
characteristic value: b'80B00C08790BE0CBF0CC'
characteristic value: b'40CBE0C0000000000000'
characteristic value: b'00000000000000000000'
characteristic value: b'00000000000000007F2\x0c'
characteristic value: b'\x0c\x0c\x0c\x0c\x0c\x0c\x0c\xc9FE3200005202'
characteristic value: b'0000A09A010009001200'
characteristic value: b'180B00C08790BE0CBE0C'
characteristic value: b'C40CBE0C000000000000'
characteristic value: b'00000000000000000000'
characteristic value: b'0000000 00000000p802'
characteristic value: b'\x0c\x0c\x0c\x0c\x0c\x0c\x0c\x0c\x92FE320000750'
characteristic value: b'20000A09A01000900120'
characteristic value: b'01A09A01000900120'
characteristic value: b'0180B00C08790C5'
characteristic value: b'0CC50CCA0CC50C00'
characteristic value: b'00000000000000 0'
characteristic value: b'0000000000000000'
characteristic value: b'000000000000'
characteristic value: b'00079B\x0c\x0c\x0c\x0c\x0c\x0c\x0c\x0c\xc919'
characteristic value: b'330000CE040000A0'
characteristic value: b'9A0100090012'
characteristic value: b'00180B00C08790C5'
characteristic value: b'0CC50CCA0CC50C00'
characteristic value: b'0000000000000000'
characteristic value: b'0000000000000000'
characteristic value: b'000000000000'
characteristic value: b'0007B7\x0c\x0c\x0c\x0c\x0c\x0c\x0c\x0c\xc921'
characteristic value: b'330000D7040000A0'
characteristic value: b'9A0100090012'
characteristic value: b'00180B00C08790C7'
characteristic value: b'0CC60CCD0CC70C00'
characteristic value: b'0000000000000000'
characteristic value: b'0000000000000000'
characteristic value: b'000000000000'
characteristic value: b'0007D0\x0c\x0c\x0c\x0c\x0c\x0c\x0c\x0c\xc921'
characteristic value: b'330000CE040p00A0'
characteristic value: b'9A0100090012'
characteristic value: b'00180B00C08790C7'
characteristic value: b'0CC60CCD0CC70C00'
characteristic value: b'0000000000000000'
characteristic value: b'0000000000000000'
characteristic value: b'0 0000000000'
characteristic value: b'0007C7\x0c\x0c\x0c\x0c\x0c\x0c\x0c\x0c\xc921'
characteristic value: b'33000080040000A0'
characteristic value: b'9A0100090012'
characteristic value: b'00180B00C08790C7'
characteristic value: b'0CC60CCD0CC70C00'
characteristic value: b'0000000000000000'
characteristic value: b'0000000000000000'
characteristic value: b'000000000000'
characteristic value: b'000779\x0c\x0c\x0c\x0c\x0c\x0c\x0c\x0c\x9220'
characteristic value: b'330000BE040000A0'
characteristic value: b'9A0100090012'
characteristic value: b'00180B00C08790C7'
characteristic value: b'0CC60CCD0CC60C00'
characteristic value: b'0000000000000000'
characteristic value: b'0000000000000000'
characteristic value: b'000000000000'
characteristic value: b'0007B5\x0c\x0c\x0c\x0c\x0c\x0c\x0c\x0c\x9220'
test broadcastUpdate== 0 : 146
test broadcastUpdate== 1 : 50
test broadcastUpdate== 2 : 48
test broadcastUpdate== 3 : 51
test broadcastUpdate== 4 : 51
test broadcastUpdate== 5 : 48
test broadcastUpdate== 6 : 48
test broadcastUpdate== 7 : 48
test broadcastUpdate== 8 : 48
test broadcastUpdate== 9 : 66
test broadcastUpdate== 10 : 69
test broadcastUpdate== 11 : 48
test broadcastUpdate== 12 : 52
test broadcastUpdate== 13 : 48
test broadcastUpdate== 14 : 48
test broadcastUpdate== 15 : 48
test broadcastUpdate== 16 : 48
test broadcastUpdate== 17 : 65
test broadcastUpdate== 18 : 48
test broadcastUpdate== 19 : 57
test broadcastUpdate== 20 : 65
test broadcastUpdate== 21 : 48
test broadcastUpdate== 22 : 49
test broadcastUpdate== 23 : 48
test broadcastUpdate== 24 : 48
test broadcastUpdate== 25 : 48
test broadcastUpdate== 26 : 57
test broadcastUpdate== 27 : 48
test broadcastUpdate== 28 : 48
test broadcastUpdate== 29 : 49
test broadcastUpdate== 30 : 50
test broadcastUpdate== 31 : 48
test broadcastUpdate== 32 : 48
test broadcastUpdate== 33 : 49
test broadcastUpdate== 34 : 56
test broadcastUpdate== 35 : 48
test broadcastUpdate== 36 : 66
test broadcastUpdate== 37 : 48
test broadcastUpdate== 38 : 48
test broadcastUpdate== 39 : 67
test broadcastUpdate== 40 : 48
test broadcastUpdate== 41 : 56
test broadcastUpdate== 42 : 55
test broadcastUpdate== 43 : 57
test broadcastUpdate== 44 : 48
test broadcastUpdate== 45 : 67
test broadcastUpdate== 46 : 55
test broadcastUpdate== 47 : 48
test broadcastUpdate== 48 : 67
test broadcastUpdate== 49 : 67
test broadcastUpdate== 50 : 54
test broadcastUpdate== 51 : 48
test broadcastUpdate== 52 : 67
test broadcastUpdate== 53 : 67
test broadcastUpdate== 54 : 68
test broadcastUpdate== 55 : 48
test broadcastUpdate== 56 : 67
test broadcastUpdate== 57 : 67
test broadcastUpdate== 58 : 54
test broadcastUpdate== 59 : 48
test broadcastUpdate== 60 : 67
test broadcastUpdate== 61 : 48
test broadcastUpdate== 62 : 48
test broadcastUpdate== 63 : 48
test broadcastUpdate== 64 : 48
test broadcastUpdate== 65 : 48
test broadcastUpdate== 66 : 48
test broadcastUpdate== 67 : 48
test broadcastUpdate== 68 : 48
test broadcastUpdate== 69 : 48
test broadcastUpdate== 70 : 48
test broadcastUpdate== 71 : 48
test broadcastUpdate== 72 : 48
test broadcastUpdate== 73 : 48
test broadcastUpdate== 74 : 48
test broadcastUpdate== 75 : 48
test broadcastUpdate== 76 : 48
test broadcastUpdate== 77 : 48
test broadcastUpdate== 78 : 48
test broadcastUpdate== 79 : 48
test broadcastUpdate== 80 : 48
test broadcastUpdate== 81 : 48
test broadcastUpdate== 82 : 48
test broadcastUpdate== 83 : 48
test broadcastUpdate== 84 : 48
test broadcastUpdate== 85 : 48
test broadcastUpdate== 86 : 48
test broadcastUpdate== 87 : 48
test broadcastUpdate== 88 : 48
test broadcastUpdate== 89 : 48
test broadcastUpdate== 90 : 48
test broadcastUpdate== 91 : 48
test broadcastUpdate== 92 : 48
test broadcastUpdate== 93 : 48
test broadcastUpdate== 94 : 48
test broadcastUpdate== 95 : 48
test broadcastUpdate== 96 : 48
test broadcastUpdate== 97 : 48
test broadcastUpdate== 98 : 48
test broadcastUpdate== 99 : 48
test broadcastUpdate== 100 : 48
test broadcastUpdate== 101 : 48
test broadcastUpdate== 102 : 48
test broadcastUpdate== 103 : 48
test broadcastUpdate== 104 : 48
test broadcastUpdate== 105 : 48
test broadcastUpdate== 106 : 48
test broadcastUpdate== 107 : 48
test broadcastUpdate== 108 : 48
test broadcastUpdate== 109 : 48
test broadcastUpdate== 110 : 55
test broadcastUpdate== 111 : 66
test broadcastUpdate== 112 : 53
test broadcastUpdate== 113 : 12
test broadcastUpdate== 114 : 12
test broadcastUpdate== 115 : 12
test broadcastUpdate== 116 : 12
test broadcastUpdate== 117 : 12
test broadcastUpdate== 118 : 12
test broadcastUpdate== 119 : 12
test broadcastUpdate== 120 : 12
test broadcastUpdate== 121 : 48
SmartPowerUtilbroadcastUpdate: Chksum== 1973
SmartPowerUtilbroadcastUpdate:  1973
SmartPowerUtilbroadcastUpdate: end== 114
test handleMessage== [50, 48, 51, 51, 48, 48, 48, 48, 66, 69, 48, 52, 48, 48, 48, 48, 65, 48, 57, 65, 48, 49, 48, 48, 48, 57, 48, 48, 49, 50, 48, 48, 49, 56, 48, 66, 48, 48, 67, 48, 56, 55, 57, 48, 67, 55, 48, 67, 67, 54, 48, 67, 67, 68, 48, 67, 67, 54, 48, 67, 48, 48, 48, 48, 48, 48, 48, 48, 48, 48, 48, 48, 48, 48, 48, 48, 48, 48, 48, 48, 48, 48, 48, 48, 48, 48, 48, 48, 48, 48, 48, 48, 48, 48, 48, 48, 48, 48, 48, 48, 48, 48, 48, 48, 48, 48, 48, 48, 48, 55, 66, 53, 12, 12, 12, 12, 12, 12, 12, 12]
SmartPowerUtilstatus: 0
test voltage== 13088 ==current== 1214 ==soc== 18 ==capacity== 105120 ==cycles== 9 ==status== 0 ==temperature== 2840 ==str.length()== 120
1.2
tvBattTemp 
10.9
tvBattVolt 
13.1
tvBattSoC  
18
tvCapacity   
105.1
tvCycles  
9
characteristic value: b'330000D1040000A0'
characteristic value: b'9A0100090012'
characteristic value: b'00180B00C08790C7'
characteristic value: b'0CC60CCD0CC60Cp0'
characteristic value: b'0000000000000000'
characteristic value: b'0000000000000000'
characteristic value: b'00000000000p'
characteristic value: b'0007C8\x0c\x0c\x0c\x0c\x0c\x0c\x0c\x0c\xc920'
characteristic value: b'330000DA040000A0'
characteristic value: b'9A0100090012'
characteristic value: b'00180B00C08790C7'
characteristic value: b'0CC60CCD0CC60C00'
characteristic value: b'0000000000000000'
characteristic value: b'0000000000000000'
characteristic value: b'000000000000'
characteristic value: b'0007D1\x0c\x0c\x0c\x0c\x0c\x0c\x0c\x0c\xc920'
characteristic value: b'330000DD040000A0'
characteristic value: b'9A0100090012'
characteristic value: b'00180B00C08790C7'
characteristic value: b'0CC60CCD0CC60C00'
characteristic value: b'0000000000000000'
characteristic value: b'0000000000000000'
characteristic value: b'000000000000'
characteristic value: b'0007D4\x0c\x0c\x0c\x0c\x0c\x0c\x0c\x0c\x9220'
characteristic value: b'330000CB040000A0'
characteristic value: b'9A0100090012'
characteristic value: b'00180B00C08790C7'
characteristic value: b'0CC60CCD0CC60C00'
characteristic value: b'0000000000000000'
characteristic value: b'0000000000000000'
characteristic value: b'000000000000'
characteristic value: b'0007C2\x0c\x0c\x0c\x0c\x0c\x0c\x0c\x0c\xc920'
test broadcastUpdate== 0 : 146
test broadcastUpdate== 1 : 50
test broadcastUpdate== 2 : 48
test broadcastUpdate== 3 : 51
test broadcastUpdate== 4 : 51
test broadcastUpdate== 5 : 48
test broadcastUpdate== 6 : 48
test broadcastUpdate== 7 : 48
test broadcastUpdate== 8 : 48
test broadcastUpdate== 9 : 67
test broadcastUpdate== 10 : 66
test broadcastUpdate== 11 : 48
test broadcastUpdate== 12 : 52
test broadcastUpdate== 13 : 48
test broadcastUpdate== 14 : 48
test broadcastUpdate== 15 : 48
test broadcastUpdate== 16 : 48
test broadcastUpdate== 17 : 65
test broadcastUpdate== 18 : 48
test broadcastUpdate== 19 : 57
test broadcastUpdate== 20 : 65
test broadcastUpdate== 21 : 48
test broadcastUpdate== 22 : 49
test broadcastUpdate== 23 : 48
test broadcastUpdate== 24 : 48
test broadcastUpdate== 25 : 48
test broadcastUpdate== 26 : 57
test broadcastUpdate== 27 : 48
test broadcastUpdate== 28 : 48
test broadcastUpdate== 29 : 49
test broadcastUpdate== 30 : 50
test broadcastUpdate== 31 : 48
test broadcastUpdate== 32 : 48
test broadcastUpdate== 33 : 49
test broadcastUpdate== 34 : 56
test broadcastUpdate== 35 : 48
test broadcastUpdate== 36 : 66
test broadcastUpdate== 37 : 48
test broadcastUpdate== 38 : 48
test broadcastUpdate== 39 : 67
test broadcastUpdate== 40 : 48
test broadcastUpdate== 41 : 56
test broadcastUpdate== 42 : 55
test broadcastUpdate== 43 : 57
test broadcastUpdate== 44 : 48
test broadcastUpdate== 45 : 67
test broadcastUpdate== 46 : 55
test broadcastUpdate== 47 : 48
test broadcastUpdate== 48 : 67
test broadcastUpdate== 49 : 67
test broadcastUpdate== 50 : 54
test broadcastUpdate== 51 : 48
test broadcastUpdate== 52 : 67
test broadcastUpdate== 53 : 67
test broadcastUpdate== 54 : 68
test broadcastUpdate== 55 : 48
test broadcastUpdate== 56 : 67
test broadcastUpdate== 57 : 67
test broadcastUpdate== 58 : 54
test broadcastUpdate== 59 : 48
test broadcastUpdate== 60 : 67
test broadcastUpdate== 61 : 48
test broadcastUpdate== 62 : 48
test broadcastUpdate== 63 : 48
test broadcastUpdate== 64 : 48
test broadcastUpdate== 65 : 48
test broadcastUpdate== 66 : 48
test broadcastUpdate== 67 : 48
test broadcastUpdate== 68 : 48
test broadcastUpdate== 69 : 48
test broadcastUpdate== 70 : 48
test broadcastUpdate== 71 : 48
test broadcastUpdate== 72 : 48
test broadcastUpdate== 73 : 48
test broadcastUpdate== 74 : 48
test broadcastUpdate== 75 : 48
test broadcastUpdate== 76 : 48
test broadcastUpdate== 77 : 48
test broadcastUpdate== 78 : 48
test broadcastUpdate== 79 : 48
test broadcastUpdate== 80 : 48
test broadcastUpdate== 81 : 48
test broadcastUpdate== 82 : 48
test broadcastUpdate== 83 : 48
test broadcastUpdate== 84 : 48
test broadcastUpdate== 85 : 48
test broadcastUpdate== 86 : 48
test broadcastUpdate== 87 : 48
test broadcastUpdate== 88 : 48
test broadcastUpdate== 89 : 48
test broadcastUpdate== 90 : 48
test broadcastUpdate== 91 : 48
test broadcastUpdate== 92 : 48
test broadcastUpdate== 93 : 48
test broadcastUpdate== 94 : 48
test broadcastUpdate== 95 : 48
test broadcastUpdate== 96 : 48
test broadcastUpdate== 97 : 48
test broadcastUpdate== 98 : 48
test broadcastUpdate== 99 : 48
test broadcastUpdate== 100 : 48
test broadcastUpdate== 101 : 48
test broadcastUpdate== 102 : 48
test broadcastUpdate== 103 : 48
test broadcastUpdate== 104 : 48
test broadcastUpdate== 105 : 48
test broadcastUpdate== 106 : 48
test broadcastUpdate== 107 : 48
test broadcastUpdate== 108 : 48
test broadcastUpdate== 109 : 48
test broadcastUpdate== 110 : 55
test broadcastUpdate== 111 : 67
test broadcastUpdate== 112 : 50
test broadcastUpdate== 113 : 12
test broadcastUpdate== 114 : 12
test broadcastUpdate== 115 : 12
test broadcastUpdate== 116 : 12
test broadcastUpdate== 117 : 12
test broadcastUpdate== 118 : 12
test broadcastUpdate== 119 : 12
test broadcastUpdate== 120 : 12
test broadcastUpdate== 121 : 48
SmartPowerUtilbroadcastUpdate: Chksum== 1986
SmartPowerUtilbroadcastUpdate:  1986
SmartPowerUtilbroadcastUpdate: end== 114
test handleMessage== [50, 48, 51, 51, 48, 48, 48, 48, 67, 66, 48, 52, 48, 48, 48, 48, 65, 48, 57, 65, 48, 49, 48, 48, 48, 57, 48, 48, 49, 50, 48, 48, 49, 56, 48, 66, 48, 48, 67, 48, 56, 55, 57, 48, 67, 55, 48, 67, 67, 54, 48, 67, 67, 68, 48, 67, 67, 54, 48, 67, 48, 48, 48, 48, 48, 48, 48, 48, 48, 48, 48, 48, 48, 48, 48, 48, 48, 48, 48, 48, 48, 48, 48, 48, 48, 48, 48, 48, 48, 48, 48, 48, 48, 48, 48, 48, 48, 48, 48, 48, 48, 48, 48, 48, 48, 48, 48, 48, 48, 55, 67, 50, 12, 12, 12, 12, 12, 12, 12, 12]
SmartPowerUtilstatus: 0
test voltage== 13088 ==current== 1227 ==soc== 18 ==capacity== 105120 ==cycles== 9 ==status== 0 ==temperature== 2840 ==str.length()== 120
1.2
tvBattTemp 
10.9
tvBattVolt 
13.1
tvBattSoC  
18
tvCapacity   
105.1
tvCycles  
9
characteristic value: b'330000BE040 00A0'
characteristic value: b'9A0100090012'
characteristic value: b'00180B00C08790C7'
characteristic value: b'0CC60CCD0CC60C00'
characteristic value: b'0000000000000000'
characteristic value: b'0000000000000000'
characteristic value: b'000000000000'
characteristic value: b'0007B5\x0c\x0c\x0c\x0c\x0c\x0c\x0c\x0c\xc920'
characteristic value: b'330000CB040000A0'
characteristic value: b'9A0100090012'
characteristic value: b'00180B00C08790C6'
characteristic value: b'0CC70CCD0CC60C00'
characteristic value: b'0000000000000000'
characteristic value: b'0000000000000000'
characteristic value: b'000000000000'
characteristic value: b'0007C2\x0c\x0c\x0c\x0c\x0c\x0c\x0c\x0c\x9220'
characteristic value: b'330000CB040000A0'
characteristic value: b'9A010009 012'
characteristic value: b'00180B00C08790C6'
characteristic value: b'0CC70CCD0CC60C0000'
characteristic value: b'00000000000000'
characteristic value: b'0000000000000000'
characteristic value: b'000000000000'
characteristic value: b'0007C2\x0c\x0c\x0c\x0c\x0c\x0c\x0c\x0c\xc920'
test broadcastUpdate== 0 : 146
test broadcastUpdate== 1 : 50
test broadcastUpdate== 2 : 48
test broadcastUpdate== 3 : 51
test broadcastUpdate== 4 : 51
test broadcastUpdate== 5 : 48
test broadcastUpdate== 6 : 48
test broadcastUpdate== 7 : 48
test broadcastUpdate== 8 : 48
test broadcastUpdate== 9 : 67
test broadcastUpdate== 10 : 66
test broadcastUpdate== 11 : 48
test broadcastUpdate== 12 : 52
test broadcastUpdate== 13 : 48
test broadcastUpdate== 14 : 48
test broadcastUpdate== 15 : 48
test broadcastUpdate== 16 : 48
test broadcastUpdate== 17 : 65
test broadcastUpdate== 18 : 48
test broadcastUpdate== 19 : 57
test broadcastUpdate== 20 : 65
test broadcastUpdate== 21 : 48
test broadcastUpdate== 22 : 49
test broadcastUpdate== 23 : 48
test broadcastUpdate== 24 : 48
test broadcastUpdate== 25 : 48
test broadcastUpdate== 26 : 57
test broadcastUpdate== 27 : 32
test broadcastUpdate== 28 : 48
test broadcastUpdate== 29 : 49
test broadcastUpdate== 30 : 50
test broadcastUpdate== 31 : 48
test broadcastUpdate== 32 : 48
test broadcastUpdate== 33 : 49
test broadcastUpdate== 34 : 56
test broadcastUpdate== 35 : 48
test broadcastUpdate== 36 : 66
test broadcastUpdate== 37 : 48
test broadcastUpdate== 38 : 48
test broadcastUpdate== 39 : 67
test broadcastUpdate== 40 : 48
test broadcastUpdate== 41 : 56
test broadcastUpdate== 42 : 55
test broadcastUpdate== 43 : 57
test broadcastUpdate== 44 : 48
test broadcastUpdate== 45 : 67
test broadcastUpdate== 46 : 54
test broadcastUpdate== 47 : 48
test broadcastUpdate== 48 : 67
test broadcastUpdate== 49 : 67
test broadcastUpdate== 50 : 55
test broadcastUpdate== 51 : 48
test broadcastUpdate== 52 : 67
test broadcastUpdate== 53 : 67
test broadcastUpdate== 54 : 68
test broadcastUpdate== 55 : 48
test broadcastUpdate== 56 : 67
test broadcastUpdate== 57 : 67
test broadcastUpdate== 58 : 54
test broadcastUpdate== 59 : 48
test broadcastUpdate== 60 : 67
test broadcastUpdate== 61 : 48
test broadcastUpdate== 62 : 48
test broadcastUpdate== 63 : 48
test broadcastUpdate== 64 : 48
test broadcastUpdate== 65 : 48
test broadcastUpdate== 66 : 48
test broadcastUpdate== 67 : 48
test broadcastUpdate== 68 : 48
test broadcastUpdate== 69 : 48
test broadcastUpdate== 70 : 48
test broadcastUpdate== 71 : 48
test broadcastUpdate== 72 : 48
test broadcastUpdate== 73 : 48
test broadcastUpdate== 74 : 48
test broadcastUpdate== 75 : 48
test broadcastUpdate== 76 : 48
test broadcastUpdate== 77 : 48
test broadcastUpdate== 78 : 48
test broadcastUpdate== 79 : 48
test broadcastUpdate== 80 : 48
test broadcastUpdate== 81 : 48
test broadcastUpdate== 82 : 48
test broadcastUpdate== 83 : 48
test broadcastUpdate== 84 : 48
test broadcastUpdate== 85 : 48
test broadcastUpdate== 86 : 48
test broadcastUpdate== 87 : 48
test broadcastUpdate== 88 : 48
test broadcastUpdate== 89 : 48
test broadcastUpdate== 90 : 48
test broadcastUpdate== 91 : 48
test broadcastUpdate== 92 : 48
test broadcastUpdate== 93 : 48
test broadcastUpdate== 94 : 48
test broadcastUpdate== 95 : 48
test broadcastUpdate== 96 : 48
test broadcastUpdate== 97 : 48
test broadcastUpdate== 98 : 48
test broadcastUpdate== 99 : 48
test broadcastUpdate== 100 : 48
test broadcastUpdate== 101 : 48
test broadcastUpdate== 102 : 48
test broadcastUpdate== 103 : 48
test broadcastUpdate== 104 : 48
test broadcastUpdate== 105 : 48
test broadcastUpdate== 106 : 48
test broadcastUpdate== 107 : 48
test broadcastUpdate== 108 : 48
test broadcastUpdate== 109 : 48
test broadcastUpdate== 110 : 55
test broadcastUpdate== 111 : 67
test broadcastUpdate== 112 : 50
test broadcastUpdate== 113 : 12
test broadcastUpdate== 114 : 12
test broadcastUpdate== 115 : 12
test broadcastUpdate== 116 : 12
test broadcastUpdate== 117 : 12
test broadcastUpdate== 118 : 12
test broadcastUpdate== 119 : 12
test broadcastUpdate== 120 : 12
test broadcastUpdate== 121 : 48
SmartPowerUtilbroadcastUpdate: Chksum== 1986
SmartPowerUtilbroadcastUpdate:  1986
SmartPowerUtilbroadcastUpdate: end== 114
test handleMessage== [50, 48, 51, 51, 48, 48, 48, 48, 67, 66, 48, 52, 48, 48, 48, 48, 65, 48, 57, 65, 48, 49, 48, 48, 48, 57, 32, 48, 49, 50, 48, 48, 49, 56, 48, 66, 48, 48, 67, 48, 56, 55, 57, 48, 67, 54, 48, 67, 67, 55, 48, 67, 67, 68, 48, 67, 67, 54, 48, 67, 48, 48, 48, 48, 48, 48, 48, 48, 48, 48, 48, 48, 48, 48, 48, 48, 48, 48, 48, 48, 48, 48, 48, 48, 48, 48, 48, 48, 48, 48, 48, 48, 48, 48, 48, 48, 48, 48, 48, 48, 48, 48, 48, 48, 48, 48, 48, 48, 48, 55, 67, 50, 12, 12, 12, 12, 12, 12, 12, 12]
SmartPowerUtilstatus: 0
test voltage== 13088 ==current== 1227 ==soc== 18 ==capacity== 105120 ==cycles== 9 ==status== 0 ==temperature== 2840 ==str.length()== 120
1.2
tvBattTemp 
10.9
tvBattVolt 
13.1
tvBattSoC  
18
tvCapacity   
105.1
tvCycles  
9
characteristic value: b'330000A8040000A0'
characteristic value: b'9A0100090012'
characteristic value: b'00180B00C08790C6'
characteristic value: b'0CC70CCD0CC6pC00'
characteristic value: b'0000000000000000'
characteristic value: b'0000000000000000'
characteristic value: b'000000000000'
characteristic value: b'00079F\x0c\x0c\x0c\x0c\x0c\x0c\x0c\x0c\x9221'
characteristic value: b'330000C4040000A0'
characteristic value: b'9A0100090012'
characteristic value: b'00180B00C08790C7'
characteristic value: b'0CC70CCD0CC60C00'
characteristic value: b'0000000000000000'
characteristic value: b'0000000000000000'
characteristic value: b'000000000000'
characteristic value: b'0007BD\x0c\x0c\x0c\x0c\x0c\x0c\x0c\x0c\xc921'
test broadcastUpdate== 0 : 146
test broadcastUpdate== 1 : 50
test broadcastUpdate== 2 : 49
test broadcastUpdate== 3 : 51
test broadcastUpdate== 4 : 51
test broadcastUpdate== 5 : 48
test broadcastUpdate== 6 : 48
test broadcastUpdate== 7 : 48
test broadcastUpdate== 8 : 48
test broadcastUpdate== 9 : 67
test broadcastUpdate== 10 : 52
test broadcastUpdate== 11 : 48
test broadcastUpdate== 12 : 52
test broadcastUpdate== 13 : 48
test broadcastUpdate== 14 : 48
test broadcastUpdate== 15 : 48
test broadcastUpdate== 16 : 48
test broadcastUpdate== 17 : 65
test broadcastUpdate== 18 : 48
test broadcastUpdate== 19 : 57
test broadcastUpdate== 20 : 65
test broadcastUpdate== 21 : 48
test broadcastUpdate== 22 : 49
test broadcastUpdate== 23 : 48
test broadcastUpdate== 24 : 48
test broadcastUpdate== 25 : 48
test broadcastUpdate== 26 : 57
test broadcastUpdate== 27 : 48
test broadcastUpdate== 28 : 48
test broadcastUpdate== 29 : 49
test broadcastUpdate== 30 : 50
test broadcastUpdate== 31 : 48
test broadcastUpdate== 32 : 48
test broadcastUpdate== 33 : 49
test broadcastUpdate== 34 : 56
test broadcastUpdate== 35 : 48
test broadcastUpdate== 36 : 66
test broadcastUpdate== 37 : 48
test broadcastUpdate== 38 : 48
test broadcastUpdate== 39 : 67
test broadcastUpdate== 40 : 48
test broadcastUpdate== 41 : 56
test broadcastUpdate== 42 : 55
test broadcastUpdate== 43 : 57
test broadcastUpdate== 44 : 48
test broadcastUpdate== 45 : 67
test broadcastUpdate== 46 : 55
test broadcastUpdate== 47 : 48
test broadcastUpdate== 48 : 67
test broadcastUpdate== 49 : 67
test broadcastUpdate== 50 : 55
test broadcastUpdate== 51 : 48
test broadcastUpdate== 52 : 67
test broadcastUpdate== 53 : 67
test broadcastUpdate== 54 : 68
test broadcastUpdate== 55 : 48
test broadcastUpdate== 56 : 67
test broadcastUpdate== 57 : 67
test broadcastUpdate== 58 : 54
test broadcastUpdate== 59 : 48
test broadcastUpdate== 60 : 67
test broadcastUpdate== 61 : 48
test broadcastUpdate== 62 : 48
test broadcastUpdate== 63 : 48
test broadcastUpdate== 64 : 48
test broadcastUpdate== 65 : 48
test broadcastUpdate== 66 : 48
test broadcastUpdate== 67 : 48
test broadcastUpdate== 68 : 48
test broadcastUpdate== 69 : 48
test broadcastUpdate== 70 : 48
test broadcastUpdate== 71 : 48
test broadcastUpdate== 72 : 48
test broadcastUpdate== 73 : 48
test broadcastUpdate== 74 : 48
test broadcastUpdate== 75 : 48
test broadcastUpdate== 76 : 48
test broadcastUpdate== 77 : 48
test broadcastUpdate== 78 : 48
test broadcastUpdate== 79 : 48
test broadcastUpdate== 80 : 48
test broadcastUpdate== 81 : 48
test broadcastUpdate== 82 : 48
test broadcastUpdate== 83 : 48
test broadcastUpdate== 84 : 48
test broadcastUpdate== 85 : 48
test broadcastUpdate== 86 : 48
test broadcastUpdate== 87 : 48
test broadcastUpdate== 88 : 48
test broadcastUpdate== 89 : 48
test broadcastUpdate== 90 : 48
test broadcastUpdate== 91 : 48
test broadcastUpdate== 92 : 48
test broadcastUpdate== 93 : 48
test broadcastUpdate== 94 : 48
test broadcastUpdate== 95 : 48
test broadcastUpdate== 96 : 48
test broadcastUpdate== 97 : 48
test broadcastUpdate== 98 : 48
test broadcastUpdate== 99 : 48
test broadcastUpdate== 100 : 48
test broadcastUpdate== 101 : 48
test broadcastUpdate== 102 : 48
test broadcastUpdate== 103 : 48
test broadcastUpdate== 104 : 48
test broadcastUpdate== 105 : 48
test broadcastUpdate== 106 : 48
test broadcastUpdate== 107 : 48
test broadcastUpdate== 108 : 48
test broadcastUpdate== 109 : 48
test broadcastUpdate== 110 : 55
test broadcastUpdate== 111 : 66
test broadcastUpdate== 112 : 68
test broadcastUpdate== 113 : 12
test broadcastUpdate== 114 : 12
test broadcastUpdate== 115 : 12
test broadcastUpdate== 116 : 12
test broadcastUpdate== 117 : 12
test broadcastUpdate== 118 : 12
test broadcastUpdate== 119 : 12
test broadcastUpdate== 120 : 12
test broadcastUpdate== 121 : 48
SmartPowerUtilbroadcastUpdate: Chksum== 1981
SmartPowerUtilbroadcastUpdate:  1981
SmartPowerUtilbroadcastUpdate: end== 114
test handleMessage== [50, 49, 51, 51, 48, 48, 48, 48, 67, 52, 48, 52, 48, 48, 48, 48, 65, 48, 57, 65, 48, 49, 48, 48, 48, 57, 48, 48, 49, 50, 48, 48, 49, 56, 48, 66, 48, 48, 67, 48, 56, 55, 57, 48, 67, 55, 48, 67, 67, 55, 48, 67, 67, 68, 48, 67, 67, 54, 48, 67, 48, 48, 48, 48, 48, 48, 48, 48, 48, 48, 48, 48, 48, 48, 48, 48, 48, 48, 48, 48, 48, 48, 48, 48, 48, 48, 48, 48, 48, 48, 48, 48, 48, 48, 48, 48, 48, 48, 48, 48, 48, 48, 48, 48, 48, 48, 48, 48, 48, 55, 66, 68, 12, 12, 12, 12, 12, 12, 12, 12]
SmartPowerUtilstatus: 0
test voltage== 13089 ==current== 1220 ==soc== 18 ==capacity== 105120 ==cycles== 9 ==status== 0 ==temperature== 2840 ==str.length()== 120
1.2
tvBattTemp 
10.9
tvBattVolt 
13.1
tvBattSoC  
18
tvCapacity   
105.1
tvCycles  
9
characteristic value: b'330000ED040000A0'
characteristic value: b'9A0100090012'
characteristic value: b'00180B00C08790C7'
characteristic value: b'0CC70CCD0GC60C00'
characteristic value: b'0000000000000000'
characteristic value: b'0000000000000000'
characteristic value: b'000000000000'
characteristic value: b'0007E6\x0c\x0c\x0c\x0c\x0c\x0c\x0c\x0c\xc921'
characteristic value: b'330000ED040000A0'
characteristic value: b'9A0100090012'
characteristic value: b'00180B00C08790C7'
characteristic value: b'0CC70CCD0CC60C00'
characteristic value: b'0000000000000000'
characteristic value: b'0000000000000000'
characteristic value: b'000000000000'
characteristic value: b'0007E6\x0c\x0c\x0c\x0c\x0c\x0c\x0c\x0c\x9221'
characteristic value: b'330000CB040000A0'
characteristic value: b'9A0100090012'
characteristic value: b'00180B00C08790C7'
characteristic value: b'0CC70CCD0CC60C00'
characteristic value: b'0000000000000000'
characteristic value: b'0000000000000000'
characteristic value: b'000000000000'
characteristic value: b'0007C4\x0c\x0c\x0c\x0c\x0c\x0c\x0c\x0c\xc921'
test broadcastUpdate== 0 : 146
test broadcastUpdate== 1 : 50
test broadcastUpdate== 2 : 49
test broadcastUpdate== 3 : 51
test broadcastUpdate== 4 : 51
test broadcastUpdate== 5 : 48
test broadcastUpdate== 6 : 48
test broadcastUpdate== 7 : 48
test broadcastUpdate== 8 : 48
test broadcastUpdate== 9 : 67
test broadcastUpdate== 10 : 66
test broadcastUpdate== 11 : 48
test broadcastUpdate== 12 : 52
test broadcastUpdate== 13 : 48
test broadcastUpdate== 14 : 48
test broadcastUpdate== 15 : 48
test broadcastUpdate== 16 : 48
test broadcastUpdate== 17 : 65
test broadcastUpdate== 18 : 48
test broadcastUpdate== 19 : 57
test broadcastUpdate== 20 : 65
test broadcastUpdate== 21 : 48
test broadcastUpdate== 22 : 49
test broadcastUpdate== 23 : 48
test broadcastUpdate== 24 : 48
test broadcastUpdate== 25 : 48
test broadcastUpdate== 26 : 57
test broadcastUpdate== 27 : 48
test broadcastUpdate== 28 : 48
test broadcastUpdate== 29 : 49
test broadcastUpdate== 30 : 50
test broadcastUpdate== 31 : 48
test broadcastUpdate== 32 : 48
test broadcastUpdate== 33 : 49
test broadcastUpdate== 34 : 56
test broadcastUpdate== 35 : 48
test broadcastUpdate== 36 : 66
test broadcastUpdate== 37 : 48
test broadcastUpdate== 38 : 48
test broadcastUpdate== 39 : 67
test broadcastUpdate== 40 : 48
test broadcastUpdate== 41 : 56
test broadcastUpdate== 42 : 55
test broadcastUpdate== 43 : 57
test broadcastUpdate== 44 : 48
test broadcastUpdate== 45 : 67
test broadcastUpdate== 46 : 55
test broadcastUpdate== 47 : 48
test broadcastUpdate== 48 : 67
test broadcastUpdate== 49 : 67
test broadcastUpdate== 50 : 55
test broadcastUpdate== 51 : 48
test broadcastUpdate== 52 : 67
test broadcastUpdate== 53 : 67
test broadcastUpdate== 54 : 68
test broadcastUpdate== 55 : 48
test broadcastUpdate== 56 : 67
test broadcastUpdate== 57 : 67
test broadcastUpdate== 58 : 54
test broadcastUpdate== 59 : 48
test broadcastUpdate== 60 : 67
test broadcastUpdate== 61 : 48
test broadcastUpdate== 62 : 48
test broadcastUpdate== 63 : 48
test broadcastUpdate== 64 : 48
test broadcastUpdate== 65 : 48
test broadcastUpdate== 66 : 48
test broadcastUpdate== 67 : 48
test broadcastUpdate== 68 : 48
test broadcastUpdate== 69 : 48
test broadcastUpdate==